<?xml version="1.0" encoding="UTF-8"?>
<!-- Generated by org.testng.reporters.JUnitReportReporter -->
<testsuite hostname="LAPTOP-7GGAA62K" failures="0" tests="1" name="testng.Data" time="0.001" errors="0" timestamp="2023-01-31T16:02:47 IST" skipped="0">
  <testcase classname="testng.Data" name="test3" time="0.001"/>
  <system-out>
    <![CDATA[3]]>
  </system-out>
</testsuite> <!-- testng.Data -->
