<?xml version="1.0" encoding="UTF-8"?>
<!-- Generated by org.testng.reporters.JUnitReportReporter -->
<testsuite hostname="LAPTOP-7GGAA62K" failures="0" tests="1" name="testng.Data2" time="0.010" errors="0" timestamp="2023-01-31T16:02:47 IST" skipped="0">
  <testcase classname="testng.Data2" name="test4" time="0.010"/>
  <system-out>
    <![CDATA[4]]>
  </system-out>
</testsuite> <!-- testng.Data2 -->
