<?xml version="1.0" encoding="UTF-8"?>
<!-- Generated by org.testng.reporters.JUnitReportReporter -->
<testsuite hostname="LAPTOP-7GGAA62K" failures="0" tests="1" name="DWS_TestScript.DWS_login" time="7.533" errors="0" timestamp="2023-01-31T14:33:02 IST" skipped="0">
  <testcase classname="DWS_TestScript.DWS_login" name="script" time="7.533"/>
  <system-out/>
</testsuite> <!-- DWS_TestScript.DWS_login -->
