<?xml version="1.0" encoding="UTF-8"?>
<!-- Generated by org.testng.reporters.JUnitReportReporter -->
<testsuite hostname="LAPTOP-7GGAA62K" failures="0" tests="2" name="hello.bye" time="0.002" errors="0" timestamp="2023-03-11T15:33:32 IST" skipped="0">
  <testcase classname="hello.bye" name="test2" time="0.001"/>
  <system-out>
    <![CDATA[5]]>
  </system-out>
  <testcase classname="hello.bye" name="test1" time="0.001"/>
  <system-out>
    <![CDATA[4]]>
  </system-out>
</testsuite> <!-- hello.bye -->
