<?xml version="1.0" encoding="UTF-8"?>
<!-- Generated by org.testng.reporters.JUnitReportReporter -->
<testsuite hostname="LAPTOP-7GGAA62K" failures="0" tests="3" name="Facebook.loginTest" time="28.462" errors="0" timestamp="2023-03-12T11:40:28 IST" skipped="0">
  <testcase classname="Facebook.loginTest" name="test1" time="6.880"/>
  <system-out/>
  <testcase classname="Facebook.loginTest" name="test1" time="7.357"/>
  <system-out/>
  <testcase classname="Facebook.loginTest" name="test1" time="14.225"/>
  <system-out/>
</testsuite> <!-- Facebook.loginTest -->
