<?xml version="1.0" encoding="UTF-8"?>
<!-- Generated by org.testng.reporters.JUnitReportReporter -->
<testsuite hostname="LAPTOP-7GGAA62K" failures="0" tests="1" name="Maven.FileUploadTest" time="13.819" errors="0" timestamp="2023-02-03T16:35:06 IST" skipped="0">
  <testcase classname="Maven.FileUploadTest" name="notification" time="13.819"/>
  <system-out/>
</testsuite> <!-- Maven.FileUploadTest -->
