<?xml version="1.0" encoding="UTF-8"?>
<!-- Generated by org.testng.reporters.JUnitReportReporter -->
<testsuite hostname="LAPTOP-7GGAA62K" failures="0" tests="2" name="Maven.excellogin" time="14.381" errors="0" timestamp="2023-01-31T20:29:38 IST" skipped="0">
  <testcase classname="Maven.excellogin" name="log" time="7.188"/>
  <system-out/>
  <testcase classname="Maven.excellogin" name="log" time="7.193"/>
  <system-out/>
</testsuite> <!-- Maven.excellogin -->
