<?xml version="1.0" encoding="UTF-8"?>
<!-- Generated by org.testng.reporters.JUnitReportReporter -->
<testsuite hostname="LAPTOP-7GGAA62K" failures="0" tests="3" name="Maven.login" time="44.392" errors="0" timestamp="2023-03-12T10:47:29 IST" skipped="0">
  <testcase classname="Maven.login" name="test" time="13.544"/>
  <system-out/>
  <testcase classname="Maven.login" name="test" time="14.068"/>
  <system-out/>
  <testcase classname="Maven.login" name="test" time="16.780"/>
  <system-out/>
</testsuite> <!-- Maven.login -->
