<?xml version="1.0" encoding="UTF-8"?>
<!-- Generated by org.testng.reporters.JUnitReportReporter -->
<testsuite hostname="LAPTOP-7GGAA62K" failures="0" tests="2" name="Maven.login" time="24.274" errors="0" timestamp="2023-01-31T19:59:49 IST" skipped="0">
  <testcase classname="Maven.login" name="test" time="12.084"/>
  <system-out/>
  <testcase classname="Maven.login" name="test" time="12.190"/>
  <system-out/>
</testsuite> <!-- Maven.login -->
