<?xml version="1.0" encoding="UTF-8"?>
<!-- Generated by org.testng.reporters.JUnitReportReporter -->
<testsuite hostname="LAPTOP-7GGAA62K" failures="0" tests="2" name="Maven.excelloginTest" time="15.078" errors="0" timestamp="2023-02-03T10:28:34 IST" skipped="0">
  <testcase classname="Maven.excelloginTest" name="log" time="7.539"/>
  <system-out/>
  <testcase classname="Maven.excelloginTest" name="log" time="7.539"/>
  <system-out/>
</testsuite> <!-- Maven.excelloginTest -->
