<?xml version="1.0" encoding="UTF-8"?>
<!-- Generated by org.testng.reporters.JUnitReportReporter -->
<testsuite hostname="LAPTOP-7GGAA62K" failures="0" tests="1" name="Maven.NotificationHandleTest" time="35.069" errors="0" timestamp="2023-02-03T10:05:13 IST" skipped="0">
  <testcase classname="Maven.NotificationHandleTest" name="notification" time="35.069"/>
  <system-out/>
</testsuite> <!-- Maven.NotificationHandleTest -->
