<?xml version="1.0" encoding="UTF-8"?>
<!-- Generated by org.testng.reporters.JUnitReportReporter -->
<testsuite hostname="LAPTOP-7GGAA62K" failures="0" tests="1" name="Maven.NotificationHandleTest" time="18.459" errors="0" timestamp="2023-01-31T18:17:09 IST" skipped="0">
  <testcase classname="Maven.NotificationHandleTest" name="notification" time="18.459"/>
  <system-out/>
</testsuite> <!-- Maven.NotificationHandleTest -->
