<?xml version="1.0" encoding="UTF-8"?>
<!-- Generated by org.testng.reporters.JUnitReportReporter -->
<testsuite hostname="LAPTOP-7GGAA62K" failures="0" tests="1" name="Maven.NotificationhandleTest" time="27.506" errors="0" timestamp="2023-02-03T16:20:00 IST" skipped="0">
  <testcase classname="Maven.NotificationhandleTest" name="notification" time="27.506"/>
  <system-out/>
</testsuite> <!-- Maven.NotificationhandleTest -->
